TN:
SF:src\index.ts
FN:7,(anonymous_7)
FN:19,Logger
FN:47,(anonymous_9)
FN:52,(anonymous_10)
FN:65,(anonymous_11)
FN:85,(anonymous_12)
FN:100,(anonymous_13)
FN:102,(anonymous_14)
FN:131,(anonymous_15)
FN:148,(anonymous_16)
FN:173,(anonymous_17)
FN:187,(anonymous_18)
FN:189,(anonymous_19)
FN:191,(anonymous_20)
FN:200,(anonymous_21)
FN:225,(anonymous_22)
FN:237,(anonymous_23)
FN:251,(anonymous_24)
FN:265,(anonymous_25)
FN:279,(anonymous_26)
FN:293,(anonymous_27)
FN:307,(anonymous_28)
FNF:22
FNH:2
FNDA:1,(anonymous_7)
FNDA:1,Logger
FNDA:0,(anonymous_9)
FNDA:0,(anonymous_10)
FNDA:0,(anonymous_11)
FNDA:0,(anonymous_12)
FNDA:0,(anonymous_13)
FNDA:0,(anonymous_14)
FNDA:0,(anonymous_15)
FNDA:0,(anonymous_16)
FNDA:0,(anonymous_17)
FNDA:0,(anonymous_18)
FNDA:0,(anonymous_19)
FNDA:0,(anonymous_20)
FNDA:0,(anonymous_21)
FNDA:0,(anonymous_22)
FNDA:0,(anonymous_23)
FNDA:0,(anonymous_24)
FNDA:0,(anonymous_25)
FNDA:0,(anonymous_26)
FNDA:0,(anonymous_27)
FNDA:0,(anonymous_28)
DA:2,1
DA:3,1
DA:4,1
DA:7,1
DA:21,1
DA:23,1
DA:24,1
DA:25,1
DA:27,1
DA:29,1
DA:31,0
DA:35,1
DA:47,0
DA:49,0
DA:52,0
DA:54,0
DA:65,1
DA:67,0
DA:69,0
DA:71,0
DA:73,0
DA:76,0
DA:85,1
DA:87,0
DA:100,1
DA:102,0
DA:104,0
DA:105,0
DA:107,0
DA:109,0
DA:110,0
DA:112,0
DA:113,0
DA:115,0
DA:116,0
DA:118,0
DA:119,0
DA:121,0
DA:122,0
DA:124,0
DA:125,0
DA:127,0
DA:128,0
DA:131,0
DA:133,0
DA:135,0
DA:137,0
DA:139,0
DA:142,0
DA:144,0
DA:146,0
DA:148,0
DA:150,0
DA:152,0
DA:154,0
DA:156,0
DA:159,0
DA:173,1
DA:175,0
DA:187,1
DA:189,0
DA:191,0
DA:193,0
DA:195,0
DA:197,0
DA:200,0
DA:202,0
DA:204,0
DA:206,0
DA:208,0
DA:212,0
DA:225,1
DA:227,0
DA:237,1
DA:239,0
DA:241,0
DA:251,1
DA:253,0
DA:255,0
DA:265,1
DA:267,0
DA:269,0
DA:279,1
DA:281,0
DA:283,0
DA:293,1
DA:295,0
DA:297,0
DA:307,1
DA:309,0
DA:311,0
DA:313,1
LF:92
LH:24
BRDA:21,0,0,1
BRDA:21,0,1,1
BRDA:23,1,0,1
BRDA:23,1,1,0
BRDA:24,2,0,1
BRDA:24,2,1,1
BRDA:29,3,0,0
BRDA:29,3,1,1
BRDA:67,4,0,0
BRDA:67,4,1,0
BRDA:71,5,0,0
BRDA:71,5,1,0
BRDA:108,6,0,0
BRDA:108,6,1,0
BRDA:108,6,2,0
BRDA:108,6,3,0
BRDA:108,6,4,0
BRDA:108,6,5,0
BRDA:108,6,6,0
BRDA:133,7,0,0
BRDA:133,7,1,0
BRDA:137,8,0,0
BRDA:137,8,1,0
BRDA:146,9,0,0
BRDA:146,9,1,0
BRDA:146,10,0,0
BRDA:146,10,1,0
BRDA:150,11,0,0
BRDA:150,11,1,0
BRDA:154,12,0,0
BRDA:154,12,1,0
BRDA:187,13,0,0
BRDA:187,13,1,0
BRDA:187,14,0,0
BRDA:187,14,1,0
BRDA:193,15,0,0
BRDA:193,15,1,0
BRF:37
BRH:6
end_of_record
